
=== Mon Apr 13 13:49:28 2020

Packages were changed.
Update Mode: updateDependencies

The following packages were added:
  com.unity.2d.sprite@1.0.0
  com.unity.2d.tilemap@1.0.0
  com.unity.ide.rider@1.1.4
  com.unity.ide.vscode@1.1.4
  com.unity.modules.androidjni@1.0.0
  com.unity.multiplayer-hlapi@1.0.4
  com.unity.test-framework@1.1.11
  com.unity.timeline@1.2.6
  com.unity.ugui@1.0.0
  com.unity.xr.legacyinputhelpers@1.3.11
The following packages were updated:
  com.unity.textmeshpro from version 1.3.0 to 2.0.1
The following packages were removed:
  com.unity.package-manager-ui@2.0.7

=== Sat Aug  1 13:55:12 2020

Packages were changed.
Update Mode: updateDependencies

The following packages were updated:
  com.unity.ide.vscode from version 1.1.4 to 1.2.1
  com.unity.multiplayer-hlapi from version 1.0.4 to 1.0.6
  com.unity.test-framework from version 1.1.11 to 1.1.14
  com.unity.xr.legacyinputhelpers from version 1.3.11 to 2.1.4

=== Mon May  3 12:34:47 2021

Packages were changed.
Update Mode: updateDependencies

The following packages were added:
  com.unity.ide.visualstudio@2.0.7
The following packages were updated:
  com.unity.ide.rider from version 1.1.4 to 2.0.7
  com.unity.ide.vscode from version 1.2.1 to 1.2.3
  com.unity.test-framework from version 1.1.14 to 1.1.24
  com.unity.textmeshpro from version 2.0.1 to 3.0.1
  com.unity.timeline from version 1.2.6 to 1.4.6
  com.unity.xr.legacyinputhelpers from version 2.1.4 to 2.1.7
