Using pre-set license
Built from '2020.3/staging' branch; Version is '2020.3.3f1 (76626098c1c4) revision 7758432'; Using compiler version '192528614'; Build Type 'Release'
OS: 'Windows 10 Pro; OS build 19042.867; Version 2009; 64bit' Language: 'en' Physical Memory: 16315 MB
BatchMode: 1, IsHumanControllingUs: 0, StartBugReporterOnCrash: 0, Is64bit: 1, IsPro: 0

 COMMAND LINE ARGUMENTS:
W:\Unity Installs\2020.3.3f1\Editor\Unity.exe
-adb2
-batchMode
-noUpm
-name
AssetImportWorker0
-projectPath
D:/Unity Projects/Unity_VFX/Anima2D
-logFile
Logs/AssetImportWorker0.log
-srvPort
55343
Successfully changed project path to: D:/Unity Projects/Unity_VFX/Anima2D
D:/Unity Projects/Unity_VFX/Anima2D
Using Asset Import Pipeline V2.
Refreshing native plugins compatible for Editor in 46.70 ms, found 4 plugins.
Preloading 0 native plugins for Editor in 0.00 ms.
Initialize engine version: 2020.3.3f1 (76626098c1c4)
[Subsystems] Discovering subsystems at path W:/Unity Installs/2020.3.3f1/Editor/Data/Resources/UnitySubsystems
[Subsystems] Discovering subsystems at path D:/Unity Projects/Unity_VFX/Anima2D/Assets
GfxDevice: creating device client; threaded=0
Direct3D:
    Version:  Direct3D 11.0 [level 11.1]
    Renderer: NVIDIA GeForce RTX 2060 (ID=0x1f08)
    Vendor:   
    VRAM:     5980 MB
    Driver:   27.21.14.6089
Initialize mono
Mono path[0] = 'W:/Unity Installs/2020.3.3f1/Editor/Data/Managed'
Mono path[1] = 'W:/Unity Installs/2020.3.3f1/Editor/Data/MonoBleedingEdge/lib/mono/unityjit'
Mono config path = 'W:/Unity Installs/2020.3.3f1/Editor/Data/MonoBleedingEdge/etc'
Using monoOptions --debugger-agent=transport=dt_socket,embedding=1,server=y,suspend=n,address=127.0.0.1:56824
Begin MonoManager ReloadAssembly
Registering precompiled unity dll's ...
Register platform support module: W:/Unity Installs/2020.3.3f1/Editor/Data/PlaybackEngines/WindowsStandaloneSupport/UnityEditor.WindowsStandalone.Extensions.dll
Registered in 0.001083 seconds.
Native extension for WindowsStandalone target not found
Refreshing native plugins compatible for Editor in 41.11 ms, found 4 plugins.
Preloading 0 native plugins for Editor in 0.00 ms.
Invoked RoslynAnalysisRunner static constructor.
RoslynAnalysisRunner will not be running.
RoslynAnalysisRunner has terminated.
Mono: successfully reloaded assembly
- Completed reload, in  1.399 seconds
Platform modules already initialized, skipping
Registering precompiled user dll's ...
Registered in 0.001438 seconds.
Begin MonoManager ReloadAssembly
Native extension for WindowsStandalone target not found
Refreshing native plugins compatible for Editor in 44.70 ms, found 4 plugins.
Preloading 0 native plugins for Editor in 0.00 ms.
Invoked RoslynAnalysisRunner static constructor.
RoslynAnalysisRunner will not be running.
RoslynAnalysisRunner has terminated.
Mono: successfully reloaded assembly
- Completed reload, in  0.955 seconds
Platform modules already initialized, skipping
========================================================================
Worker process is ready to serve import requests
Launched and connected shader compiler UnityShaderCompiler.exe after 0.04 seconds
Refreshing native plugins compatible for Editor in 0.39 ms, found 4 plugins.
Preloading 0 native plugins for Editor in 0.00 ms.
Unloading 2090 Unused Serialized files (Serialized files now loaded: 0)
System memory in use before: 94.4 MB.
System memory in use after: 94.5 MB.

Unloading 26 unused Assets to reduce memory usage. Loaded Objects now: 2533.
Total: 2.151300 ms (FindLiveObjects: 0.219000 ms CreateObjectMapping: 0.119100 ms MarkObjects: 1.780100 ms  DeleteObjects: 0.032100 ms)

========================================================================
Received Import Request.
  path: Assets/Character/PF_Bipe.controller
  artifactKey: Guid(dbdb184e3b9afd34a9179fc31aa04e56) Importer(815301076,1909f56bfc062723c751e8b465ee728b)
Start importing Assets/Character/PF_Bipe.controller using Guid(dbdb184e3b9afd34a9179fc31aa04e56) Importer(815301076,1909f56bfc062723c751e8b465ee728b)  -> (artifact id: '8d90ed4569e6b1b4c36e2f2e4e2740be') in 0.086598 seconds
  Import took 0.090276 seconds .

========================================================================
Received Import Request.
  Time since last request: 27.246393 seconds.
  path: Assets/Character/A_Bipe_Run_Baked_RM.anim
  artifactKey: Guid(690e1595c40ecae43810c4ea853f3ffd) Importer(815301076,1909f56bfc062723c751e8b465ee728b)
Start importing Assets/Character/A_Bipe_Run_Baked_RM.anim using Guid(690e1595c40ecae43810c4ea853f3ffd) Importer(815301076,1909f56bfc062723c751e8b465ee728b)  -> (artifact id: 'b9ee22d502cb99f3bf06a8efc07cb3a8') in 0.023333 seconds
  Import took 0.026876 seconds .

========================================================================
Received Import Request.
  Time since last request: 0.008133 seconds.
  path: Assets/Character/A_Bipe_Run_Baked_RM.anim
  artifactKey: Guid(690e1595c40ecae43810c4ea853f3ffd) Importer(815301076,1909f56bfc062723c751e8b465ee728b)
Start importing Assets/Character/A_Bipe_Run_Baked_RM.anim using Guid(690e1595c40ecae43810c4ea853f3ffd) Importer(815301076,1909f56bfc062723c751e8b465ee728b)  -> (artifact id: 'b9ee22d502cb99f3bf06a8efc07cb3a8') in 0.017216 seconds
  Import took 0.020673 seconds .

========================================================================
Received Import Request.
  Time since last request: 0.086852 seconds.
  path: Assets/Character/A_Bipe_Turn_Run.anim
  artifactKey: Guid(70e4c5bb49fcde943b2eada54375b5e9) Importer(815301076,1909f56bfc062723c751e8b465ee728b)
Start importing Assets/Character/A_Bipe_Turn_Run.anim using Guid(70e4c5bb49fcde943b2eada54375b5e9) Importer(815301076,1909f56bfc062723c751e8b465ee728b)  -> (artifact id: '43bbb50f149d3477017091072e8e4f4e') in 0.008776 seconds
  Import took 0.012027 seconds .

========================================================================
Received Import Request.
  Time since last request: 0.000668 seconds.
  path: Assets/Character/A_Bipe_Turn_Run.anim
  artifactKey: Guid(70e4c5bb49fcde943b2eada54375b5e9) Importer(815301076,1909f56bfc062723c751e8b465ee728b)
Start importing Assets/Character/A_Bipe_Turn_Run.anim using Guid(70e4c5bb49fcde943b2eada54375b5e9) Importer(815301076,1909f56bfc062723c751e8b465ee728b)  -> (artifact id: '43bbb50f149d3477017091072e8e4f4e') in 0.002655 seconds
  Import took 0.005824 seconds .

========================================================================
Received Import Request.
  Time since last request: 57.775650 seconds.
  path: Assets/Character/A_Bipe_Run_Baked_RM 1.anim
  artifactKey: Guid(94cf6ff7a36c39e44b4069ca8058672d) Importer(815301076,1909f56bfc062723c751e8b465ee728b)
Start importing Assets/Character/A_Bipe_Run_Baked_RM 1.anim using Guid(94cf6ff7a36c39e44b4069ca8058672d) Importer(815301076,1909f56bfc062723c751e8b465ee728b)  -> (artifact id: 'b5b330d8ad1b25b7046a55cef8674bd3') in 0.024591 seconds
  Import took 0.028317 seconds .

========================================================================
Received Import Request.
  Time since last request: 11.906049 seconds.
  path: Assets/Character/A_Bipe_Turn.anim
  artifactKey: Guid(94cf6ff7a36c39e44b4069ca8058672d) Importer(815301076,1909f56bfc062723c751e8b465ee728b)
Start importing Assets/Character/A_Bipe_Turn.anim using Guid(94cf6ff7a36c39e44b4069ca8058672d) Importer(815301076,1909f56bfc062723c751e8b465ee728b)  -> (artifact id: '48e4ed6747ef6b0ed349e551b957d44c') in 0.022962 seconds
  Import took 0.027198 seconds .

