Using pre-set license
Built from '2020.3/staging' branch; Version is '2020.3.3f1 (76626098c1c4) revision 7758432'; Using compiler version '192528614'; Build Type 'Release'
OS: 'Windows 10 Pro; OS build 19042.867; Version 2009; 64bit' Language: 'en' Physical Memory: 16315 MB
BatchMode: 1, IsHumanControllingUs: 0, StartBugReporterOnCrash: 0, Is64bit: 1, IsPro: 0

 COMMAND LINE ARGUMENTS:
W:\Unity Installs\2020.3.3f1\Editor\Unity.exe
-adb2
-batchMode
-noUpm
-name
AssetImportWorker0
-projectPath
D:/Unity Projects/Unity_VFX/Anima2D
-logFile
Logs/AssetImportWorker0.log
-srvPort
55904
Successfully changed project path to: D:/Unity Projects/Unity_VFX/Anima2D
D:/Unity Projects/Unity_VFX/Anima2D
Using Asset Import Pipeline V2.
Refreshing native plugins compatible for Editor in 52.06 ms, found 4 plugins.
Preloading 0 native plugins for Editor in 0.00 ms.
Initialize engine version: 2020.3.3f1 (76626098c1c4)
[Subsystems] Discovering subsystems at path W:/Unity Installs/2020.3.3f1/Editor/Data/Resources/UnitySubsystems
[Subsystems] Discovering subsystems at path D:/Unity Projects/Unity_VFX/Anima2D/Assets
GfxDevice: creating device client; threaded=0
Direct3D:
    Version:  Direct3D 11.0 [level 11.1]
    Renderer: NVIDIA GeForce RTX 2060 (ID=0x1f08)
    Vendor:   
    VRAM:     5980 MB
    Driver:   27.21.14.6089
Initialize mono
Mono path[0] = 'W:/Unity Installs/2020.3.3f1/Editor/Data/Managed'
Mono path[1] = 'W:/Unity Installs/2020.3.3f1/Editor/Data/MonoBleedingEdge/lib/mono/unityjit'
Mono config path = 'W:/Unity Installs/2020.3.3f1/Editor/Data/MonoBleedingEdge/etc'
Using monoOptions --debugger-agent=transport=dt_socket,embedding=1,server=y,suspend=n,address=127.0.0.1:56744
Begin MonoManager ReloadAssembly
Registering precompiled unity dll's ...
Register platform support module: W:/Unity Installs/2020.3.3f1/Editor/Data/PlaybackEngines/WindowsStandaloneSupport/UnityEditor.WindowsStandalone.Extensions.dll
Registered in 0.001052 seconds.
Native extension for WindowsStandalone target not found
Refreshing native plugins compatible for Editor in 40.98 ms, found 4 plugins.
Preloading 0 native plugins for Editor in 0.00 ms.
Invoked RoslynAnalysisRunner static constructor.
RoslynAnalysisRunner will not be running.
RoslynAnalysisRunner has terminated.
Mono: successfully reloaded assembly
- Completed reload, in  1.429 seconds
Platform modules already initialized, skipping
Registering precompiled user dll's ...
Registered in 0.001530 seconds.
Begin MonoManager ReloadAssembly
Native extension for WindowsStandalone target not found
Refreshing native plugins compatible for Editor in 43.99 ms, found 4 plugins.
Preloading 0 native plugins for Editor in 0.00 ms.
Invoked RoslynAnalysisRunner static constructor.
RoslynAnalysisRunner will not be running.
RoslynAnalysisRunner has terminated.
Mono: successfully reloaded assembly
- Completed reload, in  0.945 seconds
Platform modules already initialized, skipping
========================================================================
Worker process is ready to serve import requests
Launched and connected shader compiler UnityShaderCompiler.exe after 0.04 seconds
Refreshing native plugins compatible for Editor in 0.41 ms, found 4 plugins.
Preloading 0 native plugins for Editor in 0.00 ms.
Unloading 2090 Unused Serialized files (Serialized files now loaded: 0)
System memory in use before: 94.4 MB.
System memory in use after: 94.5 MB.

Unloading 26 unused Assets to reduce memory usage. Loaded Objects now: 2533.
Total: 4.954900 ms (FindLiveObjects: 0.256000 ms CreateObjectMapping: 0.363400 ms MarkObjects: 4.305800 ms  DeleteObjects: 0.028600 ms)

========================================================================
Received Import Request.
  path: Assets/Character/PF_Bipe.controller
  artifactKey: Guid(dbdb184e3b9afd34a9179fc31aa04e56) Importer(815301076,1909f56bfc062723c751e8b465ee728b)
Start importing Assets/Character/PF_Bipe.controller using Guid(dbdb184e3b9afd34a9179fc31aa04e56) Importer(815301076,1909f56bfc062723c751e8b465ee728b)  -> (artifact id: '5cc3f52ca9a6a0fed9a0ce3bcc71abe0') in 0.072309 seconds
  Import took 0.075600 seconds .

========================================================================
Received Import Request.
  Time since last request: 1.675932 seconds.
  path: Assets/Character/A_Bipe_Run 1.anim
  artifactKey: Guid(9a56b32bad48897448990e6999ed8b67) Importer(815301076,1909f56bfc062723c751e8b465ee728b)
Start importing Assets/Character/A_Bipe_Run 1.anim using Guid(9a56b32bad48897448990e6999ed8b67) Importer(815301076,1909f56bfc062723c751e8b465ee728b)  -> (artifact id: '8f1dc0e175512e47f580129542806585') in 0.012777 seconds
  Import took 0.016353 seconds .

========================================================================
Received Import Request.
  Time since last request: 0.009300 seconds.
  path: Assets/Character/A_Bipe_Run 1.anim
  artifactKey: Guid(9a56b32bad48897448990e6999ed8b67) Importer(815301076,1909f56bfc062723c751e8b465ee728b)
Start importing Assets/Character/A_Bipe_Run 1.anim using Guid(9a56b32bad48897448990e6999ed8b67) Importer(815301076,1909f56bfc062723c751e8b465ee728b)  -> (artifact id: '8f1dc0e175512e47f580129542806585') in 0.005132 seconds
  Import took 0.008440 seconds .

========================================================================
Received Import Request.
  Time since last request: 5.765330 seconds.
  path: Assets/Character/A_Bipe_Turn_Run.anim
  artifactKey: Guid(9a56b32bad48897448990e6999ed8b67) Importer(815301076,1909f56bfc062723c751e8b465ee728b)
Start importing Assets/Character/A_Bipe_Turn_Run.anim using Guid(9a56b32bad48897448990e6999ed8b67) Importer(815301076,1909f56bfc062723c751e8b465ee728b)  -> (artifact id: 'c6911cfd992828b3428e4f2bb19a0554') in 0.003846 seconds
  Import took 0.006909 seconds .

========================================================================
Received Import Request.
  Time since last request: 642.898404 seconds.
  path: Assets/Character/PF_Bipe.controller
  artifactKey: Guid(dbdb184e3b9afd34a9179fc31aa04e56) Importer(815301076,1909f56bfc062723c751e8b465ee728b)
Start importing Assets/Character/PF_Bipe.controller using Guid(dbdb184e3b9afd34a9179fc31aa04e56) Importer(815301076,1909f56bfc062723c751e8b465ee728b)  -> (artifact id: '736f06f7afb7c6f9fb41c3ea821ef857') in 0.033675 seconds
  Import took 0.037598 seconds .

========================================================================
Received Import Request.
  Time since last request: 57.637332 seconds.
  path: Assets/Character/PF_Bipe.controller
  artifactKey: Guid(dbdb184e3b9afd34a9179fc31aa04e56) Importer(815301076,1909f56bfc062723c751e8b465ee728b)
Start importing Assets/Character/PF_Bipe.controller using Guid(dbdb184e3b9afd34a9179fc31aa04e56) Importer(815301076,1909f56bfc062723c751e8b465ee728b)  -> (artifact id: '9e88dd0b0675572d1260d2872dfeb00e') in 0.035414 seconds
  Import took 0.039031 seconds .

========================================================================
Received Import Request.
  Time since last request: 4.930340 seconds.
  path: Assets/Character/PF_Bipe.controller
  artifactKey: Guid(dbdb184e3b9afd34a9179fc31aa04e56) Importer(815301076,1909f56bfc062723c751e8b465ee728b)
Start importing Assets/Character/PF_Bipe.controller using Guid(dbdb184e3b9afd34a9179fc31aa04e56) Importer(815301076,1909f56bfc062723c751e8b465ee728b)  -> (artifact id: '1e8158ce421ff5e607c180be3c963851') in 0.032897 seconds
  Import took 0.036142 seconds .

========================================================================
Received Import Request.
  Time since last request: 59.278372 seconds.
  path: Assets/Character/A_Bipe_Turn_Run.anim
  artifactKey: Guid(9a56b32bad48897448990e6999ed8b67) Importer(815301076,1909f56bfc062723c751e8b465ee728b)
Start importing Assets/Character/A_Bipe_Turn_Run.anim using Guid(9a56b32bad48897448990e6999ed8b67) Importer(815301076,1909f56bfc062723c751e8b465ee728b)  -> (artifact id: 'dd77f6fddd56f15cffc51b59588cb72f') in 0.004336 seconds
  Import took 0.007802 seconds .

========================================================================
Received Import Request.
  Time since last request: 0.003259 seconds.
  path: Assets/Character/A_Bipe_Turn_Run.anim
  artifactKey: Guid(9a56b32bad48897448990e6999ed8b67) Importer(815301076,1909f56bfc062723c751e8b465ee728b)
Start importing Assets/Character/A_Bipe_Turn_Run.anim using Guid(9a56b32bad48897448990e6999ed8b67) Importer(815301076,1909f56bfc062723c751e8b465ee728b)  -> (artifact id: 'dd77f6fddd56f15cffc51b59588cb72f') in 0.004596 seconds
  Import took 0.007866 seconds .

========================================================================
Received Prepare
Registering precompiled user dll's ...
Registered in 0.001460 seconds.
Begin MonoManager ReloadAssembly
Native extension for WindowsStandalone target not found
Refreshing native plugins compatible for Editor in 0.42 ms, found 4 plugins.
Preloading 0 native plugins for Editor in 0.00 ms.
Invoked RoslynAnalysisRunner static constructor.
RoslynAnalysisRunner will not be running.
RoslynAnalysisRunner has terminated.
Mono: successfully reloaded assembly
- Completed reload, in  0.824 seconds
Platform modules already initialized, skipping
Refreshing native plugins compatible for Editor in 0.40 ms, found 4 plugins.
Preloading 0 native plugins for Editor in 0.00 ms.
Unloading 2072 Unused Serialized files (Serialized files now loaded: 0)
System memory in use before: 93.2 MB.
System memory in use after: 93.4 MB.

Unloading 16 unused Assets to reduce memory usage. Loaded Objects now: 2536.
Total: 2.153000 ms (FindLiveObjects: 0.211200 ms CreateObjectMapping: 0.124800 ms MarkObjects: 1.797200 ms  DeleteObjects: 0.018800 ms)

========================================================================
Received Import Request.
  Time since last request: 102.081746 seconds.
  path: Assets/Character/PF_Bipe.controller
  artifactKey: Guid(dbdb184e3b9afd34a9179fc31aa04e56) Importer(815301076,1909f56bfc062723c751e8b465ee728b)
Start importing Assets/Character/PF_Bipe.controller using Guid(dbdb184e3b9afd34a9179fc31aa04e56) Importer(815301076,1909f56bfc062723c751e8b465ee728b)  -> (artifact id: 'a5cc89144f286ceca8af3646f766532a') in 0.047136 seconds
  Import took 0.050447 seconds .

AssetImportWorkerClient::OnTransportError - code=2 error=End of file
