Using pre-set license
Built from '2020.2/staging' branch; Version is '2020.2.6f1 (8a2143876886) revision 9052483'; Using compiler version '192528614'; Build Type 'Release'
OS: 'Windows 10 Pro; OS build 18363.1379; Version 1909; 64bit' Language: 'en' Physical Memory: 16315 MB
BatchMode: 1, IsHumanControllingUs: 0, StartBugReporterOnCrash: 0, Is64bit: 1, IsPro: 0

 COMMAND LINE ARGUMENTS:
W:\Unity Installs\2020.2.6f1\Editor\Unity.exe
-adb2
-batchMode
-noUpm
-name
AssetImportWorker0
-projectPath
D:/Unity Projects/Unity_VFX/HDRP
-logFile
Logs/AssetImportWorker0.log
-srvPort
55314
Successfully changed project path to: D:/Unity Projects/Unity_VFX/HDRP
D:/Unity Projects/Unity_VFX/HDRP
Using Asset Import Pipeline V2.
Refreshing native plugins compatible for Editor in 102.86 ms, found 0 plugins.
Preloading 0 native plugins for Editor in 0.00 ms.
Initialize engine version: 2020.2.6f1 (8a2143876886)
[Subsystems] Discovering subsystems at path W:/Unity Installs/2020.2.6f1/Editor/Data/Resources/UnitySubsystems
[Subsystems] Discovering subsystems at path D:/Unity Projects/Unity_VFX/HDRP/Assets
GfxDevice: creating device client; threaded=0
Direct3D:
    Version:  Direct3D 11.0 [level 11.1]
    Renderer: NVIDIA GeForce RTX 2060 (ID=0x1f08)
    Vendor:   
    VRAM:     5980 MB
    Driver:   27.21.14.6089
Initialize mono
Mono path[0] = 'W:/Unity Installs/2020.2.6f1/Editor/Data/Managed'
Mono path[1] = 'W:/Unity Installs/2020.2.6f1/Editor/Data/MonoBleedingEdge/lib/mono/unityjit'
Mono config path = 'W:/Unity Installs/2020.2.6f1/Editor/Data/MonoBleedingEdge/etc'
Using monoOptions --debugger-agent=transport=dt_socket,embedding=1,server=y,suspend=n,address=127.0.0.1:56452
Begin MonoManager ReloadAssembly
Registering precompiled unity dll's ...
Register platform support module: W:/Unity Installs/2020.2.6f1/Editor/Data/PlaybackEngines/WebGLSupport/UnityEditor.WebGL.Extensions.dll
Register platform support module: W:/Unity Installs/2020.2.6f1/Editor/Data/PlaybackEngines/WindowsStandaloneSupport/UnityEditor.WindowsStandalone.Extensions.dll
Registered in 0.001529 seconds.
Native extension for WindowsStandalone target not found
Native extension for WebGL target not found
Refreshing native plugins compatible for Editor in 120.38 ms, found 0 plugins.
Preloading 0 native plugins for Editor in 0.00 ms.
Invoked RoslynAnalysisRunner static constructor.
RoslynAnalysisRunner will not be running.
RoslynAnalysisRunner has terminated.
Mono: successfully reloaded assembly
- Completed reload, in  1.205 seconds
Platform modules already initialized, skipping
Registering precompiled user dll's ...
Registered in 0.004941 seconds.
Begin MonoManager ReloadAssembly
Native extension for WindowsStandalone target not found
Native extension for WebGL target not found
Refreshing native plugins compatible for Editor in 107.89 ms, found 0 plugins.
Preloading 0 native plugins for Editor in 0.00 ms.
Invoked RoslynAnalysisRunner static constructor.
RoslynAnalysisRunner will not be running.
RoslynAnalysisRunner has terminated.
HDRP Internally changed the storage of Cube Cookie to use Octahedral Projection inside the 2D Cookie Atlas. It is recommended that you increase the size of the 2D Cookie Atlas if your cookies no longer fit.
UnityEngine.StackTraceUtility:ExtractStackTrace ()
UnityEngine.DebugLogHandler:LogFormat (UnityEngine.LogType,UnityEngine.Object,string,object[])
UnityEngine.Logger:Log (UnityEngine.LogType,object)
UnityEngine.Debug:Log (object)
UnityEngine.Rendering.HighDefinition.HDRenderPipelineAsset/<>c:<.cctor>b__110_12 (UnityEngine.Rendering.HighDefinition.HDRenderPipelineAsset) (at Library/PackageCache/com.unity.render-pipelines.high-definition@10.3.1/Runtime/RenderPipeline/HDRenderPipelineAsset.Migration.cs:126)
UnityEngine.Rendering.HighDefinition.MigrationStep`2<UnityEngine.Rendering.HighDefinition.HDRenderPipelineAsset/Version, UnityEngine.Rendering.HighDefinition.HDRenderPipelineAsset>:Migrate (UnityEngine.Rendering.HighDefinition.HDRenderPipelineAsset) (at Library/PackageCache/com.unity.render-pipelines.high-definition@10.3.1/Runtime/Core/Migration/MigrationStep.cs:52)
UnityEngine.Rendering.HighDefinition.MigrationDescription`2<UnityEngine.Rendering.HighDefinition.HDRenderPipelineAsset/Version, UnityEngine.Rendering.HighDefinition.HDRenderPipelineAsset>:Migrate (UnityEngine.Rendering.HighDefinition.HDRenderPipelineAsset) (at Library/PackageCache/com.unity.render-pipelines.high-definition@10.3.1/Runtime/Core/Migration/MigrationDescription.cs:101)
UnityEngine.Rendering.HighDefinition.HDRenderPipelineAsset:OnEnable () (at Library/PackageCache/com.unity.render-pipelines.high-definition@10.3.1/Runtime/RenderPipeline/HDRenderPipelineAsset.Migration.cs:146)
UnityEngine.Rendering.GraphicsSettings:get_currentRenderPipeline ()
UnityEditor.Rendering.HighDefinition.HDBakedReflectionSystem:Initialize () (at Library/PackageCache/com.unity.render-pipelines.high-definition@10.3.1/Editor/Lighting/Reflection/HDBakedReflectionSystem.cs:42)

(Filename: Library/PackageCache/com.unity.render-pipelines.high-definition@10.3.1/Runtime/RenderPipeline/HDRenderPipelineAsset.Migration.cs Line: 126)

Mono: successfully reloaded assembly
- Completed reload, in  1.541 seconds
Platform modules already initialized, skipping
========================================================================
Worker process is ready to serve import requests
Launched and connected shader compiler UnityShaderCompiler.exe after 0.06 seconds
Refreshing native plugins compatible for Editor in 0.79 ms, found 0 plugins.
Preloading 0 native plugins for Editor in 0.00 ms.
Unloading 4120 Unused Serialized files (Serialized files now loaded: 0)
System memory in use before: 194.8 MB.
System memory in use after: 195.0 MB.

Unloading 19 unused Assets to reduce memory usage. Loaded Objects now: 4571.
Total: 2.892200 ms (FindLiveObjects: 0.451900 ms CreateObjectMapping: 0.256700 ms MarkObjects: 2.101100 ms  DeleteObjects: 0.081500 ms)

========================================================================
Received Import Request.
  path: Assets/Scenes/Cube Ripples/MeshVFX.vfx
  artifactKey: Guid(2405a4a981af848448db77b693a3d1d7) Importer(815301076,1909f56bfc062723c751e8b465ee728b)
Start importing Assets/Scenes/Cube Ripples/MeshVFX.vfx using Guid(2405a4a981af848448db77b693a3d1d7) Importer(815301076,1909f56bfc062723c751e8b465ee728b)  -> (artifact id: 'f879345661409c9ca62b7fc82fe1ee4b') in 0.054033 seconds
  Import took 0.084505 seconds .

========================================================================
Received Import Request.
  Time since last request: 318.637559 seconds.
  path: Assets/HDRPDefaultResources/HDRenderPipelineAsset.asset
  artifactKey: Guid(841ed10edc823c04cb240b63a94437ea) Importer(815301076,1909f56bfc062723c751e8b465ee728b)
Start importing Assets/HDRPDefaultResources/HDRenderPipelineAsset.asset using Guid(841ed10edc823c04cb240b63a94437ea) Importer(815301076,1909f56bfc062723c751e8b465ee728b) HDRP Internally changed the storage of Cube Cookie to use Octahedral Projection inside the 2D Cookie Atlas. It is recommended that you increase the size of the 2D Cookie Atlas if your cookies no longer fit.
UnityEngine.StackTraceUtility:ExtractStackTrace ()
UnityEngine.DebugLogHandler:LogFormat (UnityEngine.LogType,UnityEngine.Object,string,object[])
UnityEngine.Logger:Log (UnityEngine.LogType,object)
UnityEngine.Debug:Log (object)
UnityEngine.Rendering.HighDefinition.HDRenderPipelineAsset/<>c:<.cctor>b__110_12 (UnityEngine.Rendering.HighDefinition.HDRenderPipelineAsset) (at Library/PackageCache/com.unity.render-pipelines.high-definition@10.3.1/Runtime/RenderPipeline/HDRenderPipelineAsset.Migration.cs:126)
UnityEngine.Rendering.HighDefinition.MigrationStep`2<UnityEngine.Rendering.HighDefinition.HDRenderPipelineAsset/Version, UnityEngine.Rendering.HighDefinition.HDRenderPipelineAsset>:Migrate (UnityEngine.Rendering.HighDefinition.HDRenderPipelineAsset) (at Library/PackageCache/com.unity.render-pipelines.high-definition@10.3.1/Runtime/Core/Migration/MigrationStep.cs:52)
UnityEngine.Rendering.HighDefinition.MigrationDescription`2<UnityEngine.Rendering.HighDefinition.HDRenderPipelineAsset/Version, UnityEngine.Rendering.HighDefinition.HDRenderPipelineAsset>:Migrate (UnityEngine.Rendering.HighDefinition.HDRenderPipelineAsset) (at Library/PackageCache/com.unity.render-pipelines.high-definition@10.3.1/Runtime/Core/Migration/MigrationDescription.cs:101)
UnityEngine.Rendering.HighDefinition.HDRenderPipelineAsset:OnEnable () (at Library/PackageCache/com.unity.render-pipelines.high-definition@10.3.1/Runtime/RenderPipeline/HDRenderPipelineAsset.Migration.cs:146)

(Filename: Library/PackageCache/com.unity.render-pipelines.high-definition@10.3.1/Runtime/RenderPipeline/HDRenderPipelineAsset.Migration.cs Line: 126)

 -> (artifact id: 'f7c2f7db13444ebacbefd7e7a2f38770') in 0.032181 seconds
  Import took 0.069720 seconds .

========================================================================
Received Import Request.
  Time since last request: 107.093827 seconds.
  path: Assets/Scenes/Cube Ripples/Cube RipplesSettings.lighting
  artifactKey: Guid(5c73a90e1a3a1e148805d2633bcf3a3b) Importer(815301076,1909f56bfc062723c751e8b465ee728b)
Start importing Assets/Scenes/Cube Ripples/Cube RipplesSettings.lighting using Guid(5c73a90e1a3a1e148805d2633bcf3a3b) Importer(815301076,1909f56bfc062723c751e8b465ee728b)  -> (artifact id: '4abe426b8805c870f21950916e565c32') in 0.022939 seconds
  Import took 0.059520 seconds .

========================================================================
Received Import Request.
  Time since last request: 503.106648 seconds.
  path: Assets/Scenes/Cube Ripples/MeshVFX.vfx
  artifactKey: Guid(2405a4a981af848448db77b693a3d1d7) Importer(815301076,1909f56bfc062723c751e8b465ee728b)
Start importing Assets/Scenes/Cube Ripples/MeshVFX.vfx using Guid(2405a4a981af848448db77b693a3d1d7) Importer(815301076,1909f56bfc062723c751e8b465ee728b)  -> (artifact id: '7d2bd98c620318f246b717fa34adc5c4') in 0.008697 seconds
  Import took 0.022025 seconds .

========================================================================
Received Import Request.
  Time since last request: 31.349586 seconds.
  path: Assets/Scenes/Cube Ripples/MeshVFX.vfx
  artifactKey: Guid(2405a4a981af848448db77b693a3d1d7) Importer(815301076,1909f56bfc062723c751e8b465ee728b)
Start importing Assets/Scenes/Cube Ripples/MeshVFX.vfx using Guid(2405a4a981af848448db77b693a3d1d7) Importer(815301076,1909f56bfc062723c751e8b465ee728b)  -> (artifact id: 'facc12b176db38cb8cc651a3697b18c8') in 0.004050 seconds
  Import took 0.026054 seconds .

========================================================================
Received Import Request.
  Time since last request: 3.068392 seconds.
  path: Assets/Scenes/Cube Ripples/MeshVFX.vfx
  artifactKey: Guid(2405a4a981af848448db77b693a3d1d7) Importer(815301076,1909f56bfc062723c751e8b465ee728b)
Start importing Assets/Scenes/Cube Ripples/MeshVFX.vfx using Guid(2405a4a981af848448db77b693a3d1d7) Importer(815301076,1909f56bfc062723c751e8b465ee728b)  -> (artifact id: 'b01f53c7fd90142e645700a8cf63ebcd') in 0.003808 seconds
  Import took 0.027596 seconds .

========================================================================
Received Import Request.
  Time since last request: 0.014567 seconds.
  path: Assets/Scenes/Cube Ripples/MeshVFX.vfx
  artifactKey: Guid(2405a4a981af848448db77b693a3d1d7) Importer(815301076,1909f56bfc062723c751e8b465ee728b)
Start importing Assets/Scenes/Cube Ripples/MeshVFX.vfx using Guid(2405a4a981af848448db77b693a3d1d7) Importer(815301076,1909f56bfc062723c751e8b465ee728b)  -> (artifact id: 'b01f53c7fd90142e645700a8cf63ebcd') in 0.003774 seconds
  Import took 0.010036 seconds .

AssetImportWorkerClient::OnTransportError - code=2 error=End of file
