Using pre-set license
Built from '2020.2/staging' branch; Version is '2020.2.6f1 (8a2143876886) revision 9052483'; Using compiler version '192528614'; Build Type 'Release'
OS: 'Windows 10 Pro; OS build 18363.1379; Version 1909; 64bit' Language: 'en' Physical Memory: 16315 MB
BatchMode: 1, IsHumanControllingUs: 0, StartBugReporterOnCrash: 0, Is64bit: 1, IsPro: 0

 COMMAND LINE ARGUMENTS:
W:\Unity Installs\2020.2.6f1\Editor\Unity.exe
-adb2
-batchMode
-noUpm
-name
AssetImportWorker0
-projectPath
D:/Unity Projects/Unity_VFX/HDRP
-logFile
Logs/AssetImportWorker0.log
-srvPort
59470
Successfully changed project path to: D:/Unity Projects/Unity_VFX/HDRP
D:/Unity Projects/Unity_VFX/HDRP
Using Asset Import Pipeline V2.
Refreshing native plugins compatible for Editor in 108.95 ms, found 0 plugins.
Preloading 0 native plugins for Editor in 0.00 ms.
Initialize engine version: 2020.2.6f1 (8a2143876886)
[Subsystems] Discovering subsystems at path W:/Unity Installs/2020.2.6f1/Editor/Data/Resources/UnitySubsystems
[Subsystems] Discovering subsystems at path D:/Unity Projects/Unity_VFX/HDRP/Assets
GfxDevice: creating device client; threaded=0
Direct3D:
    Version:  Direct3D 11.0 [level 11.1]
    Renderer: NVIDIA GeForce RTX 2060 (ID=0x1f08)
    Vendor:   
    VRAM:     5980 MB
    Driver:   27.21.14.6089
Initialize mono
Mono path[0] = 'W:/Unity Installs/2020.2.6f1/Editor/Data/Managed'
Mono path[1] = 'W:/Unity Installs/2020.2.6f1/Editor/Data/MonoBleedingEdge/lib/mono/unityjit'
Mono config path = 'W:/Unity Installs/2020.2.6f1/Editor/Data/MonoBleedingEdge/etc'
Using monoOptions --debugger-agent=transport=dt_socket,embedding=1,server=y,suspend=n,address=127.0.0.1:56268
Begin MonoManager ReloadAssembly
Registering precompiled unity dll's ...
Register platform support module: W:/Unity Installs/2020.2.6f1/Editor/Data/PlaybackEngines/WebGLSupport/UnityEditor.WebGL.Extensions.dll
Register platform support module: W:/Unity Installs/2020.2.6f1/Editor/Data/PlaybackEngines/WindowsStandaloneSupport/UnityEditor.WindowsStandalone.Extensions.dll
Registered in 0.001184 seconds.
Native extension for WindowsStandalone target not found
Native extension for WebGL target not found
Refreshing native plugins compatible for Editor in 110.40 ms, found 0 plugins.
Preloading 0 native plugins for Editor in 0.00 ms.
Invoked RoslynAnalysisRunner static constructor.
RoslynAnalysisRunner will not be running.
RoslynAnalysisRunner has terminated.
Mono: successfully reloaded assembly
- Completed reload, in  1.196 seconds
Platform modules already initialized, skipping
Registering precompiled user dll's ...
Registered in 0.004087 seconds.
Begin MonoManager ReloadAssembly
Native extension for WindowsStandalone target not found
Native extension for WebGL target not found
Refreshing native plugins compatible for Editor in 107.53 ms, found 0 plugins.
Preloading 0 native plugins for Editor in 0.00 ms.
Invoked RoslynAnalysisRunner static constructor.
RoslynAnalysisRunner will not be running.
RoslynAnalysisRunner has terminated.
Mono: successfully reloaded assembly
- Completed reload, in  1.531 seconds
Platform modules already initialized, skipping
========================================================================
Worker process is ready to serve import requests
Launched and connected shader compiler UnityShaderCompiler.exe after 0.05 seconds
Refreshing native plugins compatible for Editor in 0.84 ms, found 0 plugins.
Preloading 0 native plugins for Editor in 0.00 ms.
Unloading 4120 Unused Serialized files (Serialized files now loaded: 0)
System memory in use before: 194.9 MB.
System memory in use after: 195.2 MB.

Unloading 19 unused Assets to reduce memory usage. Loaded Objects now: 4571.
Total: 3.139000 ms (FindLiveObjects: 0.361600 ms CreateObjectMapping: 0.274300 ms MarkObjects: 2.420500 ms  DeleteObjects: 0.081600 ms)

========================================================================
Received Import Request.
  path: Assets/Scenes/Cube Ripples/MeshVFX.vfx
  artifactKey: Guid(2405a4a981af848448db77b693a3d1d7) Importer(815301076,1909f56bfc062723c751e8b465ee728b)
Start importing Assets/Scenes/Cube Ripples/MeshVFX.vfx using Guid(2405a4a981af848448db77b693a3d1d7) Importer(815301076,1909f56bfc062723c751e8b465ee728b)  -> (artifact id: '8c9b1b0af735f390aeef4fe7d9fa6da3') in 0.045834 seconds
  Import took 0.071320 seconds .

========================================================================
Received Import Request.
  Time since last request: 59.183740 seconds.
  path: Assets/Scenes/Cube Ripples/MeshVFX.vfx
  artifactKey: Guid(2405a4a981af848448db77b693a3d1d7) Importer(815301076,1909f56bfc062723c751e8b465ee728b)
Start importing Assets/Scenes/Cube Ripples/MeshVFX.vfx using Guid(2405a4a981af848448db77b693a3d1d7) Importer(815301076,1909f56bfc062723c751e8b465ee728b)  -> (artifact id: '9d6444f56b109a71d287601281a4b62d') in 0.004476 seconds
  Import took 0.034096 seconds .

========================================================================
Received Import Request.
  Time since last request: 0.008895 seconds.
  path: Assets/Scenes/Cube Ripples/MeshVFX.vfx
  artifactKey: Guid(2405a4a981af848448db77b693a3d1d7) Importer(815301076,1909f56bfc062723c751e8b465ee728b)
Start importing Assets/Scenes/Cube Ripples/MeshVFX.vfx using Guid(2405a4a981af848448db77b693a3d1d7) Importer(815301076,1909f56bfc062723c751e8b465ee728b)  -> (artifact id: '9d6444f56b109a71d287601281a4b62d') in 0.003352 seconds
  Import took 0.009870 seconds .

========================================================================
Received Import Request.
  Time since last request: 120.606819 seconds.
  path: Assets/Scenes/Cube Ripples/MeshVFX.vfx
  artifactKey: Guid(2405a4a981af848448db77b693a3d1d7) Importer(815301076,1909f56bfc062723c751e8b465ee728b)
Start importing Assets/Scenes/Cube Ripples/MeshVFX.vfx using Guid(2405a4a981af848448db77b693a3d1d7) Importer(815301076,1909f56bfc062723c751e8b465ee728b)  -> (artifact id: '02d49b71e9cbe71bf2dc14bbb22a93a2') in 0.003716 seconds
  Import took 0.031067 seconds .

========================================================================
Received Import Request.
  Time since last request: 17.457803 seconds.
  path: Assets/Scenes/Cube Ripples/MeshVFX.vfx
  artifactKey: Guid(2405a4a981af848448db77b693a3d1d7) Importer(815301076,1909f56bfc062723c751e8b465ee728b)
Start importing Assets/Scenes/Cube Ripples/MeshVFX.vfx using Guid(2405a4a981af848448db77b693a3d1d7) Importer(815301076,1909f56bfc062723c751e8b465ee728b)  -> (artifact id: '867fe93c2b0b9cebe3fab23a9c601359') in 0.003971 seconds
  Import took 0.074752 seconds .

========================================================================
Received Import Request.
  Time since last request: 0.953983 seconds.
  path: Assets/Scenes/Cube Ripples/MeshVFX.vfx
  artifactKey: Guid(2405a4a981af848448db77b693a3d1d7) Importer(815301076,1909f56bfc062723c751e8b465ee728b)
Start importing Assets/Scenes/Cube Ripples/MeshVFX.vfx using Guid(2405a4a981af848448db77b693a3d1d7) Importer(815301076,1909f56bfc062723c751e8b465ee728b)  -> (artifact id: '921bfbbe350bf8fff3a035e426c8b7d3') in 0.004655 seconds
  Import took 0.027269 seconds .

========================================================================
Received Import Request.
  Time since last request: 0.018293 seconds.
  path: Assets/Scenes/Cube Ripples/MeshVFX.vfx
  artifactKey: Guid(2405a4a981af848448db77b693a3d1d7) Importer(815301076,1909f56bfc062723c751e8b465ee728b)
Start importing Assets/Scenes/Cube Ripples/MeshVFX.vfx using Guid(2405a4a981af848448db77b693a3d1d7) Importer(815301076,1909f56bfc062723c751e8b465ee728b)  -> (artifact id: '921bfbbe350bf8fff3a035e426c8b7d3') in 0.003438 seconds
  Import took 0.010878 seconds .

========================================================================
Received Import Request.
  Time since last request: 17.347886 seconds.
  path: Assets/Scenes/Cube Ripples/MeshVFX.vfx
  artifactKey: Guid(2405a4a981af848448db77b693a3d1d7) Importer(815301076,1909f56bfc062723c751e8b465ee728b)
Start importing Assets/Scenes/Cube Ripples/MeshVFX.vfx using Guid(2405a4a981af848448db77b693a3d1d7) Importer(815301076,1909f56bfc062723c751e8b465ee728b)  -> (artifact id: 'a54194eb7da70ec6c41a698433a6a947') in 0.017299 seconds
  Import took 0.083038 seconds .

========================================================================
Received Import Request.
  Time since last request: 0.036469 seconds.
  path: Assets/Scenes/Cube Ripples/MeshVFX.vfx
  artifactKey: Guid(2405a4a981af848448db77b693a3d1d7) Importer(815301076,1909f56bfc062723c751e8b465ee728b)
Start importing Assets/Scenes/Cube Ripples/MeshVFX.vfx using Guid(2405a4a981af848448db77b693a3d1d7) Importer(815301076,1909f56bfc062723c751e8b465ee728b)  -> (artifact id: 'a54194eb7da70ec6c41a698433a6a947') in 0.004698 seconds
  Import took 0.011926 seconds .

AssetImportWorkerClient::OnTransportError - code=2 error=End of file
